<?xml version="1.0" encoding="UTF-8"?>
<!-- Generated by org.testng.reporters.JUnitReportReporter -->
<testsuite hostname="ECO711" failures="0" tests="2" name="com.TC.GmailTest" time="23.890" errors="0" timestamp="14 Dec 2020 12:50:01 GMT" skipped="0">
  <testcase classname="com.TC.GmailTest" name="gmailTest1" time="11.556"/>
  <testcase classname="com.TC.GmailTest" name="gmailTest" time="12.334"/>
</testsuite> <!-- com.TC.GmailTest -->
