<?xml version="1.0" encoding="UTF-8"?>
<!-- Generated by org.testng.reporters.JUnitReportReporter -->
<testsuite hostname="ECO711" failures="0" tests="2" name="com.TC.GmailTest" time="24.081" errors="0" timestamp="14 Dec 2020 15:07:15 GMT" skipped="0">
  <testcase classname="com.TC.GmailTest" name="gmailTest1" time="12.243"/>
  <testcase classname="com.TC.GmailTest" name="gmailTest" time="11.838"/>
</testsuite> <!-- com.TC.GmailTest -->
